22:11:19 | INFO    | === Session started: sim_20260412_221119 ===
22:11:19 | INFO    | Log file: outputs/logs\sim_20260412_221119.log
22:11:20 | INFO    | YOLO detected 4 objects
22:11:20 | INFO    | PATH    computed  waypoints=49
22:11:20 | DEBUG   | FRAME 00001  state=DRIVE   speed=3.00  fps=60.0
22:11:20 | DEBUG   | FRAME 00002  state=DRIVE   speed=3.00  fps=0.0
22:11:20 | DEBUG   | FRAME 00003  state=DRIVE   speed=3.00  fps=0.0
22:11:20 | DEBUG   | FRAME 00004  state=DRIVE   speed=3.00  fps=0.0
22:11:20 | DEBUG   | FRAME 00005  state=DRIVE   speed=3.00  fps=0.0
22:11:20 | DEBUG   | FRAME 00006  state=DRIVE   speed=3.00  fps=0.0
22:11:20 | DEBUG   | FRAME 00007  state=DRIVE   speed=3.00  fps=0.0
22:11:20 | DEBUG   | FRAME 00008  state=DRIVE   speed=3.00  fps=0.0
22:11:20 | DEBUG   | FRAME 00009  state=DRIVE   speed=3.00  fps=0.0
22:11:20 | DEBUG   | FRAME 00010  state=DRIVE   speed=3.00  fps=0.0
22:11:20 | DEBUG   | FRAME 00011  state=DRIVE   speed=3.00  fps=0.0
22:11:20 | DEBUG   | FRAME 00012  state=DRIVE   speed=3.00  fps=58.5
22:11:20 | DEBUG   | FRAME 00013  state=DRIVE   speed=3.00  fps=58.5
22:11:20 | DEBUG   | FRAME 00014  state=DRIVE   speed=3.00  fps=58.5
22:11:20 | DEBUG   | FRAME 00015  state=DRIVE   speed=3.00  fps=58.5
22:11:20 | DEBUG   | FRAME 00016  state=DRIVE   speed=3.00  fps=58.5
22:11:20 | DEBUG   | FRAME 00017  state=DRIVE   speed=3.00  fps=58.5
22:11:20 | DEBUG   | FRAME 00018  state=DRIVE   speed=3.00  fps=58.5
22:11:20 | DEBUG   | FRAME 00019  state=DRIVE   speed=3.00  fps=58.5
22:11:20 | DEBUG   | FRAME 00020  state=DRIVE   speed=3.00  fps=58.5
22:11:20 | DEBUG   | FRAME 00021  state=DRIVE   speed=3.00  fps=58.5
22:11:20 | DEBUG   | FRAME 00022  state=DRIVE   speed=3.00  fps=60.6
22:11:20 | DEBUG   | FRAME 00023  state=DRIVE   speed=3.00  fps=60.6
22:11:20 | DEBUG   | FRAME 00024  state=DRIVE   speed=3.00  fps=60.6
22:11:20 | DEBUG   | FRAME 00025  state=DRIVE   speed=3.00  fps=60.6
22:11:20 | DEBUG   | FRAME 00026  state=DRIVE   speed=3.00  fps=60.6
22:11:20 | DEBUG   | FRAME 00027  state=DRIVE   speed=3.00  fps=60.6
22:11:20 | DEBUG   | FRAME 00028  state=DRIVE   speed=3.00  fps=60.6
22:11:20 | DEBUG   | FRAME 00029  state=DRIVE   speed=3.00  fps=60.6
22:11:20 | DEBUG   | FRAME 00030  state=DRIVE   speed=3.00  fps=60.6
22:11:20 | DEBUG   | FRAME 00031  state=DRIVE   speed=3.00  fps=60.6
22:11:20 | DEBUG   | FRAME 00032  state=DRIVE   speed=3.00  fps=59.9
22:11:20 | DEBUG   | FRAME 00033  state=DRIVE   speed=3.00  fps=59.9
22:11:20 | DEBUG   | FRAME 00034  state=DRIVE   speed=3.00  fps=59.9
22:11:20 | DEBUG   | FRAME 00035  state=DRIVE   speed=3.00  fps=59.9
22:11:21 | DEBUG   | FRAME 00036  state=DRIVE   speed=3.00  fps=59.9
22:11:21 | DEBUG   | FRAME 00037  state=DRIVE   speed=3.00  fps=59.9
22:11:21 | DEBUG   | FRAME 00038  state=DRIVE   speed=3.00  fps=59.9
22:11:21 | DEBUG   | FRAME 00039  state=DRIVE   speed=3.00  fps=59.9
22:11:21 | DEBUG   | FRAME 00040  state=DRIVE   speed=3.00  fps=59.9
22:11:21 | DEBUG   | FRAME 00041  state=DRIVE   speed=3.00  fps=59.9
22:11:21 | DEBUG   | FRAME 00042  state=DRIVE   speed=3.00  fps=60.6
22:11:21 | DEBUG   | FRAME 00043  state=DRIVE   speed=3.00  fps=60.6
22:11:21 | DEBUG   | FRAME 00044  state=DRIVE   speed=3.00  fps=60.6
22:11:21 | DEBUG   | FRAME 00045  state=DRIVE   speed=3.00  fps=60.6
22:11:21 | DEBUG   | FRAME 00046  state=DRIVE   speed=3.00  fps=60.6
22:11:21 | DEBUG   | FRAME 00047  state=DRIVE   speed=3.00  fps=60.6
22:11:21 | DEBUG   | FRAME 00048  state=DRIVE   speed=3.00  fps=60.6
22:11:21 | DEBUG   | FRAME 00049  state=DRIVE   speed=3.00  fps=60.6
22:11:21 | WARNING | OBSTACLE pos=( 226, 106)  dist=  57.5px  threat=WARNING
22:11:21 | INFO    | STATE  DRIVE  → SLOW
22:11:21 | DEBUG   | FRAME 00050  state=SLOW    speed=1.50  fps=60.6
22:11:21 | WARNING | OBSTACLE pos=( 226, 106)  dist=  56.0px  threat=WARNING
22:11:21 | DEBUG   | FRAME 00051  state=SLOW    speed=1.50  fps=60.6
22:11:21 | WARNING | OBSTACLE pos=( 226, 106)  dist=  56.0px  threat=WARNING
22:11:21 | DEBUG   | FRAME 00052  state=SLOW    speed=1.50  fps=59.5
22:11:21 | WARNING | OBSTACLE pos=( 226, 106)  dist=  54.6px  threat=WARNING
22:11:21 | DEBUG   | FRAME 00053  state=SLOW    speed=1.50  fps=59.5
22:11:21 | WARNING | OBSTACLE pos=( 226, 106)  dist=  53.1px  threat=WARNING
22:11:21 | DEBUG   | FRAME 00054  state=SLOW    speed=1.50  fps=59.5
22:11:21 | WARNING | OBSTACLE pos=( 226, 106)  dist=  51.7px  threat=WARNING
22:11:21 | DEBUG   | FRAME 00055  state=SLOW    speed=1.50  fps=59.5
22:11:21 | WARNING | OBSTACLE pos=( 226, 106)  dist=  50.2px  threat=WARNING
22:11:21 | DEBUG   | FRAME 00056  state=SLOW    speed=1.50  fps=59.5
22:11:21 | WARNING | OBSTACLE pos=( 226, 106)  dist=  48.8px  threat=WARNING
22:11:21 | DEBUG   | FRAME 00057  state=SLOW    speed=1.50  fps=59.5
22:11:21 | WARNING | OBSTACLE pos=( 226, 106)  dist=  47.4px  threat=WARNING
22:11:21 | DEBUG   | FRAME 00058  state=SLOW    speed=1.50  fps=59.5
22:11:21 | WARNING | OBSTACLE pos=( 226, 106)  dist=  45.9px  threat=WARNING
22:11:21 | DEBUG   | FRAME 00059  state=SLOW    speed=1.50  fps=59.5
22:11:21 | WARNING | OBSTACLE pos=( 226, 106)  dist=  44.5px  threat=WARNING
22:11:21 | DEBUG   | FRAME 00060  state=SLOW    speed=1.50  fps=59.5
22:11:21 | WARNING | OBSTACLE pos=( 226, 106)  dist=  43.1px  threat=WARNING
22:11:21 | DEBUG   | FRAME 00061  state=SLOW    speed=1.50  fps=59.5
22:11:21 | WARNING | OBSTACLE pos=( 226, 106)  dist=  41.6px  threat=WARNING
22:11:21 | DEBUG   | FRAME 00062  state=SLOW    speed=1.50  fps=60.2
22:11:21 | WARNING | OBSTACLE pos=( 226, 106)  dist=  40.2px  threat=WARNING
22:11:21 | DEBUG   | FRAME 00063  state=SLOW    speed=1.50  fps=60.2
22:11:21 | WARNING | OBSTACLE pos=( 226, 106)  dist=  38.8px  threat=DANGER
22:11:21 | INFO    | STATE  SLOW   → STOP
22:11:21 | DEBUG   | FRAME 00064  state=STOP    speed=0.00  fps=60.2
22:11:21 | WARNING | OBSTACLE pos=( 226, 106)  dist=  38.8px  threat=DANGER
22:11:21 | DEBUG   | FRAME 00065  state=STOP    speed=0.00  fps=60.2
22:11:21 | WARNING | OBSTACLE pos=( 226, 106)  dist=  38.8px  threat=DANGER
22:11:21 | DEBUG   | FRAME 00066  state=STOP    speed=0.00  fps=60.2
22:11:21 | WARNING | OBSTACLE pos=( 226, 106)  dist=  38.8px  threat=DANGER
22:11:21 | DEBUG   | FRAME 00067  state=STOP    speed=0.00  fps=60.2
22:11:21 | WARNING | OBSTACLE pos=( 226, 106)  dist=  38.8px  threat=DANGER
22:11:21 | DEBUG   | FRAME 00068  state=STOP    speed=0.00  fps=60.2
22:11:21 | WARNING | OBSTACLE pos=( 226, 106)  dist=  38.8px  threat=DANGER
22:11:21 | DEBUG   | FRAME 00069  state=STOP    speed=0.00  fps=60.2
22:11:21 | WARNING | OBSTACLE pos=( 226, 106)  dist=  38.8px  threat=DANGER
22:11:21 | DEBUG   | FRAME 00070  state=STOP    speed=0.00  fps=60.2
22:11:21 | WARNING | OBSTACLE pos=( 226, 106)  dist=  38.8px  threat=DANGER
22:11:21 | DEBUG   | FRAME 00071  state=STOP    speed=0.00  fps=60.2
22:11:21 | WARNING | OBSTACLE pos=( 226, 106)  dist=  38.8px  threat=DANGER
22:11:21 | DEBUG   | FRAME 00072  state=STOP    speed=0.00  fps=59.9
22:11:21 | WARNING | OBSTACLE pos=( 226, 106)  dist=  38.8px  threat=DANGER
22:11:21 | DEBUG   | FRAME 00073  state=STOP    speed=0.00  fps=59.9
22:11:21 | WARNING | OBSTACLE pos=( 226, 106)  dist=  38.8px  threat=DANGER
22:11:21 | DEBUG   | FRAME 00074  state=STOP    speed=0.00  fps=59.9
22:11:21 | WARNING | OBSTACLE pos=( 226, 106)  dist=  38.8px  threat=DANGER
22:11:21 | DEBUG   | FRAME 00075  state=STOP    speed=0.00  fps=59.9
22:11:21 | WARNING | OBSTACLE pos=( 226, 106)  dist=  38.8px  threat=DANGER
22:11:21 | DEBUG   | FRAME 00076  state=STOP    speed=0.00  fps=59.9
22:11:21 | WARNING | OBSTACLE pos=( 226, 106)  dist=  38.8px  threat=DANGER
22:11:21 | DEBUG   | FRAME 00077  state=STOP    speed=0.00  fps=59.9
22:11:21 | WARNING | OBSTACLE pos=( 226, 106)  dist=  38.8px  threat=DANGER
22:11:21 | DEBUG   | FRAME 00078  state=STOP    speed=0.00  fps=59.9
22:11:21 | WARNING | OBSTACLE pos=( 226, 106)  dist=  38.8px  threat=DANGER
22:11:21 | DEBUG   | FRAME 00079  state=STOP    speed=0.00  fps=59.9
22:11:21 | WARNING | OBSTACLE pos=( 226, 106)  dist=  38.8px  threat=DANGER
22:11:21 | DEBUG   | FRAME 00080  state=STOP    speed=0.00  fps=59.9
22:11:21 | WARNING | OBSTACLE pos=( 226, 106)  dist=  38.8px  threat=DANGER
22:11:21 | DEBUG   | FRAME 00081  state=STOP    speed=0.00  fps=59.9
22:11:21 | WARNING | OBSTACLE pos=( 226, 106)  dist=  38.8px  threat=DANGER
22:11:21 | DEBUG   | FRAME 00082  state=STOP    speed=0.00  fps=59.9
22:11:21 | WARNING | OBSTACLE pos=( 226, 106)  dist=  38.8px  threat=DANGER
22:11:21 | DEBUG   | FRAME 00083  state=STOP    speed=0.00  fps=59.9
22:11:21 | WARNING | OBSTACLE pos=( 226, 106)  dist=  38.8px  threat=DANGER
22:11:21 | DEBUG   | FRAME 00084  state=STOP    speed=0.00  fps=59.9
22:11:21 | WARNING | OBSTACLE pos=( 226, 106)  dist=  38.8px  threat=DANGER
22:11:21 | DEBUG   | FRAME 00085  state=STOP    speed=0.00  fps=59.9
22:11:21 | WARNING | OBSTACLE pos=( 226, 106)  dist=  38.8px  threat=DANGER
22:11:21 | DEBUG   | FRAME 00086  state=STOP    speed=0.00  fps=59.9
22:11:21 | WARNING | OBSTACLE pos=( 226, 106)  dist=  38.8px  threat=DANGER
22:11:21 | DEBUG   | FRAME 00087  state=STOP    speed=0.00  fps=59.9
22:11:21 | WARNING | OBSTACLE pos=( 226, 106)  dist=  38.8px  threat=DANGER
22:11:21 | DEBUG   | FRAME 00088  state=STOP    speed=0.00  fps=59.9
22:11:21 | WARNING | OBSTACLE pos=( 226, 106)  dist=  38.8px  threat=DANGER
22:11:21 | DEBUG   | FRAME 00089  state=STOP    speed=0.00  fps=59.9
22:11:21 | WARNING | OBSTACLE pos=( 226, 106)  dist=  38.8px  threat=DANGER
22:11:21 | DEBUG   | FRAME 00090  state=STOP    speed=0.00  fps=59.9
22:11:21 | WARNING | OBSTACLE pos=( 226, 106)  dist=  38.8px  threat=DANGER
22:11:21 | DEBUG   | FRAME 00091  state=STOP    speed=0.00  fps=59.9
22:11:21 | WARNING | OBSTACLE pos=( 226, 106)  dist=  38.8px  threat=DANGER
22:11:21 | DEBUG   | FRAME 00092  state=STOP    speed=0.00  fps=60.6
22:11:21 | WARNING | OBSTACLE pos=( 226, 106)  dist=  38.8px  threat=DANGER
22:11:21 | DEBUG   | FRAME 00093  state=STOP    speed=0.00  fps=60.6
22:11:21 | WARNING | OBSTACLE pos=( 226, 106)  dist=  38.8px  threat=DANGER
22:11:21 | INFO    | STATE  STOP   → AVOID
22:11:21 | WARNING | REPLAN  triggered from pos=(189,119)
22:11:22 | DEBUG   | FRAME 00094  state=AVOID   speed=2.10  fps=60.6
22:11:22 | WARNING | OBSTACLE pos=( 226, 106)  dist=  36.9px  threat=DANGER
22:11:22 | INFO    | STATE  AVOID  → DRIVE
22:11:22 | DEBUG   | FRAME 00095  state=DRIVE   speed=3.00  fps=60.6
22:11:22 | WARNING | OBSTACLE pos=( 226, 106)  dist=  36.9px  threat=DANGER
22:11:22 | DEBUG   | FRAME 00096  state=DRIVE   speed=3.00  fps=60.6
22:11:22 | WARNING | OBSTACLE pos=( 226, 106)  dist=  34.1px  threat=DANGER
22:11:22 | DEBUG   | FRAME 00097  state=DRIVE   speed=3.00  fps=60.6
22:11:22 | WARNING | OBSTACLE pos=( 226, 106)  dist=  31.3px  threat=DANGER
22:11:22 | DEBUG   | FRAME 00098  state=DRIVE   speed=3.00  fps=60.6
22:11:22 | WARNING | OBSTACLE pos=( 226, 106)  dist=  28.6px  threat=DANGER
22:11:22 | DEBUG   | FRAME 00099  state=DRIVE   speed=3.00  fps=60.6
22:11:22 | WARNING | OBSTACLE pos=( 226, 106)  dist=  26.0px  threat=DANGER
22:11:22 | DEBUG   | FRAME 00100  state=DRIVE   speed=3.00  fps=60.6
22:11:22 | WARNING | OBSTACLE pos=( 226, 106)  dist=  23.4px  threat=DANGER
22:11:22 | DEBUG   | FRAME 00101  state=DRIVE   speed=3.00  fps=60.6
22:11:22 | WARNING | OBSTACLE pos=( 226, 106)  dist=  21.0px  threat=DANGER
22:11:22 | DEBUG   | FRAME 00102  state=DRIVE   speed=3.00  fps=50.5
22:11:22 | WARNING | OBSTACLE pos=( 226, 106)  dist=  18.8px  threat=DANGER
22:11:22 | DEBUG   | FRAME 00103  state=DRIVE   speed=3.00  fps=50.5
22:11:22 | WARNING | OBSTACLE pos=( 226, 106)  dist=  18.8px  threat=DANGER
22:11:22 | DEBUG   | FRAME 00104  state=DRIVE   speed=3.00  fps=50.5
22:11:22 | WARNING | OBSTACLE pos=( 226, 106)  dist=  16.8px  threat=DANGER
22:11:22 | DEBUG   | FRAME 00105  state=DRIVE   speed=3.00  fps=50.5
22:11:22 | WARNING | OBSTACLE pos=( 226, 106)  dist=  15.2px  threat=DANGER
22:11:22 | DEBUG   | FRAME 00106  state=DRIVE   speed=3.00  fps=50.5
22:11:22 | WARNING | OBSTACLE pos=( 226, 106)  dist=  14.1px  threat=DANGER
22:11:22 | DEBUG   | FRAME 00107  state=DRIVE   speed=3.00  fps=50.5
22:11:22 | WARNING | OBSTACLE pos=( 226, 106)  dist=  13.5px  threat=DANGER
22:11:22 | DEBUG   | FRAME 00108  state=DRIVE   speed=3.00  fps=50.5
22:11:22 | WARNING | OBSTACLE pos=( 226, 106)  dist=  13.6px  threat=DANGER
22:11:22 | DEBUG   | FRAME 00109  state=DRIVE   speed=3.00  fps=50.5
22:11:22 | WARNING | OBSTACLE pos=( 226, 106)  dist=  14.4px  threat=DANGER
22:11:22 | DEBUG   | FRAME 00110  state=DRIVE   speed=3.00  fps=50.5
22:11:22 | WARNING | OBSTACLE pos=( 226, 106)  dist=  15.7px  threat=DANGER
22:11:22 | DEBUG   | FRAME 00111  state=DRIVE   speed=3.00  fps=50.5
22:11:22 | WARNING | OBSTACLE pos=( 226, 106)  dist=  15.7px  threat=DANGER
22:11:22 | DEBUG   | FRAME 00112  state=DRIVE   speed=3.00  fps=59.9
22:11:22 | WARNING | OBSTACLE pos=( 226, 106)  dist=  17.3px  threat=DANGER
22:11:22 | DEBUG   | FRAME 00113  state=DRIVE   speed=3.00  fps=59.9
22:11:22 | WARNING | OBSTACLE pos=( 226, 106)  dist=  19.3px  threat=DANGER
22:11:22 | DEBUG   | FRAME 00114  state=DRIVE   speed=3.00  fps=59.9
22:11:22 | WARNING | OBSTACLE pos=( 226, 106)  dist=  21.5px  threat=DANGER
22:11:22 | DEBUG   | FRAME 00115  state=DRIVE   speed=3.00  fps=59.9
22:11:22 | WARNING | OBSTACLE pos=( 226, 106)  dist=  23.9px  threat=DANGER
22:11:22 | DEBUG   | FRAME 00116  state=DRIVE   speed=3.00  fps=59.9
22:11:22 | WARNING | OBSTACLE pos=( 226, 106)  dist=  26.4px  threat=DANGER
22:11:22 | DEBUG   | FRAME 00117  state=DRIVE   speed=3.00  fps=59.9
22:11:22 | WARNING | OBSTACLE pos=( 226, 106)  dist=  29.0px  threat=DANGER
22:11:22 | DEBUG   | FRAME 00118  state=DRIVE   speed=3.00  fps=59.9
22:11:22 | WARNING | OBSTACLE pos=( 226, 106)  dist=  29.0px  threat=DANGER
22:11:22 | DEBUG   | FRAME 00119  state=DRIVE   speed=3.00  fps=59.9
22:11:22 | WARNING | OBSTACLE pos=( 226, 106)  dist=  31.7px  threat=DANGER
22:11:22 | DEBUG   | FRAME 00120  state=DRIVE   speed=3.00  fps=59.9
22:11:22 | WARNING | OBSTACLE pos=( 226, 106)  dist=  34.4px  threat=DANGER
22:11:22 | DEBUG   | FRAME 00121  state=DRIVE   speed=3.00  fps=59.9
22:11:22 | WARNING | OBSTACLE pos=( 226, 106)  dist=  37.2px  threat=DANGER
22:11:22 | DEBUG   | FRAME 00122  state=DRIVE   speed=3.00  fps=61.0
22:11:22 | WARNING | OBSTACLE pos=( 226, 106)  dist=  40.0px  threat=DANGER
22:11:22 | DEBUG   | FRAME 00123  state=DRIVE   speed=3.00  fps=61.0
22:11:22 | WARNING | OBSTACLE pos=( 226, 106)  dist=  42.8px  threat=WARNING
22:11:22 | INFO    | STATE  DRIVE  → SLOW
22:11:22 | DEBUG   | FRAME 00124  state=SLOW    speed=1.50  fps=61.0
22:11:22 | WARNING | OBSTACLE pos=( 226, 106)  dist=  44.2px  threat=WARNING
22:11:22 | DEBUG   | FRAME 00125  state=SLOW    speed=1.50  fps=61.0
22:11:22 | WARNING | OBSTACLE pos=( 226, 106)  dist=  45.6px  threat=WARNING
22:11:22 | DEBUG   | FRAME 00126  state=SLOW    speed=1.50  fps=61.0
22:11:22 | WARNING | OBSTACLE pos=( 226, 106)  dist=  47.1px  threat=WARNING
22:11:22 | DEBUG   | FRAME 00127  state=SLOW    speed=1.50  fps=61.0
22:11:22 | WARNING | OBSTACLE pos=( 226, 106)  dist=  48.5px  threat=WARNING
22:11:22 | DEBUG   | FRAME 00128  state=SLOW    speed=1.50  fps=61.0
22:11:22 | WARNING | OBSTACLE pos=( 226, 106)  dist=  48.5px  threat=WARNING
22:11:22 | DEBUG   | FRAME 00129  state=SLOW    speed=1.50  fps=61.0
22:11:22 | WARNING | OBSTACLE pos=( 226, 106)  dist=  49.9px  threat=WARNING
22:11:22 | DEBUG   | FRAME 00130  state=SLOW    speed=1.50  fps=61.0
22:11:22 | WARNING | OBSTACLE pos=( 226, 106)  dist=  51.4px  threat=WARNING
22:11:22 | DEBUG   | FRAME 00131  state=SLOW    speed=1.50  fps=61.0
22:11:22 | WARNING | OBSTACLE pos=( 226, 106)  dist=  52.9px  threat=WARNING
22:11:22 | DEBUG   | FRAME 00132  state=SLOW    speed=1.50  fps=59.9
22:11:22 | WARNING | OBSTACLE pos=( 226, 106)  dist=  54.3px  threat=WARNING
22:11:22 | DEBUG   | FRAME 00133  state=SLOW    speed=1.50  fps=59.9
22:11:22 | WARNING | OBSTACLE pos=( 226, 106)  dist=  55.8px  threat=WARNING
22:11:22 | DEBUG   | FRAME 00134  state=SLOW    speed=1.50  fps=59.9
22:11:22 | WARNING | OBSTACLE pos=( 226, 106)  dist=  57.2px  threat=WARNING
22:11:22 | DEBUG   | FRAME 00135  state=SLOW    speed=1.50  fps=59.9
22:11:22 | WARNING | OBSTACLE pos=( 226, 106)  dist=  58.7px  threat=WARNING
22:11:22 | DEBUG   | FRAME 00136  state=SLOW    speed=1.50  fps=59.9
22:11:22 | INFO    | STATE  SLOW   → DRIVE
22:11:22 | DEBUG   | FRAME 00137  state=DRIVE   speed=3.00  fps=59.9
22:11:22 | DEBUG   | FRAME 00138  state=DRIVE   speed=3.00  fps=59.9
22:11:22 | DEBUG   | FRAME 00139  state=DRIVE   speed=3.00  fps=59.9
22:11:22 | DEBUG   | FRAME 00140  state=DRIVE   speed=3.00  fps=59.9
22:11:22 | DEBUG   | FRAME 00141  state=DRIVE   speed=3.00  fps=59.9
22:11:22 | DEBUG   | FRAME 00142  state=DRIVE   speed=3.00  fps=61.3
22:11:22 | DEBUG   | FRAME 00143  state=DRIVE   speed=3.00  fps=61.3
22:11:22 | DEBUG   | FRAME 00144  state=DRIVE   speed=3.00  fps=61.3
22:11:22 | DEBUG   | FRAME 00145  state=DRIVE   speed=3.00  fps=61.3
22:11:22 | DEBUG   | FRAME 00146  state=DRIVE   speed=3.00  fps=61.3
22:11:22 | DEBUG   | FRAME 00147  state=DRIVE   speed=3.00  fps=61.3
22:11:22 | DEBUG   | FRAME 00148  state=DRIVE   speed=3.00  fps=61.3
22:11:22 | DEBUG   | FRAME 00149  state=DRIVE   speed=3.00  fps=61.3
22:11:22 | DEBUG   | FRAME 00150  state=DRIVE   speed=3.00  fps=61.3
22:11:22 | DEBUG   | FRAME 00151  state=DRIVE   speed=3.00  fps=61.3
22:11:22 | DEBUG   | FRAME 00152  state=DRIVE   speed=3.00  fps=59.9
22:11:22 | DEBUG   | FRAME 00153  state=DRIVE   speed=3.00  fps=59.9
22:11:23 | DEBUG   | FRAME 00154  state=DRIVE   speed=3.00  fps=59.9
22:11:23 | DEBUG   | FRAME 00155  state=DRIVE   speed=3.00  fps=59.9
22:11:23 | DEBUG   | FRAME 00156  state=DRIVE   speed=3.00  fps=59.9
22:11:23 | DEBUG   | FRAME 00157  state=DRIVE   speed=3.00  fps=59.9
22:11:23 | DEBUG   | FRAME 00158  state=DRIVE   speed=3.00  fps=59.9
22:11:23 | DEBUG   | FRAME 00159  state=DRIVE   speed=3.00  fps=59.9
22:11:23 | DEBUG   | FRAME 00160  state=DRIVE   speed=3.00  fps=59.9
22:11:23 | DEBUG   | FRAME 00161  state=DRIVE   speed=3.00  fps=59.9
22:11:23 | DEBUG   | FRAME 00162  state=DRIVE   speed=3.00  fps=59.2
22:11:23 | DEBUG   | FRAME 00163  state=DRIVE   speed=3.00  fps=59.2
22:11:23 | DEBUG   | FRAME 00164  state=DRIVE   speed=3.00  fps=59.2
22:11:23 | DEBUG   | FRAME 00165  state=DRIVE   speed=3.00  fps=59.2
22:11:23 | DEBUG   | FRAME 00166  state=DRIVE   speed=3.00  fps=59.2
22:11:23 | DEBUG   | FRAME 00167  state=DRIVE   speed=3.00  fps=59.2
22:11:23 | DEBUG   | FRAME 00168  state=DRIVE   speed=3.00  fps=59.2
22:11:23 | DEBUG   | FRAME 00169  state=DRIVE   speed=3.00  fps=59.2
22:11:23 | DEBUG   | FRAME 00170  state=DRIVE   speed=3.00  fps=59.2
22:11:23 | DEBUG   | FRAME 00171  state=DRIVE   speed=3.00  fps=59.2
22:11:23 | DEBUG   | FRAME 00172  state=DRIVE   speed=3.00  fps=60.6
22:11:23 | DEBUG   | FRAME 00173  state=DRIVE   speed=3.00  fps=60.6
22:11:23 | DEBUG   | FRAME 00174  state=DRIVE   speed=3.00  fps=60.6
22:11:23 | DEBUG   | FRAME 00175  state=DRIVE   speed=3.00  fps=60.6
22:11:23 | DEBUG   | FRAME 00176  state=DRIVE   speed=3.00  fps=60.6
22:11:23 | DEBUG   | FRAME 00177  state=DRIVE   speed=3.00  fps=60.6
22:11:23 | DEBUG   | FRAME 00178  state=DRIVE   speed=3.00  fps=60.6
22:11:23 | DEBUG   | FRAME 00179  state=DRIVE   speed=3.00  fps=60.6
22:11:23 | DEBUG   | FRAME 00180  state=DRIVE   speed=3.00  fps=60.6
22:11:23 | DEBUG   | FRAME 00181  state=DRIVE   speed=3.00  fps=60.6
22:11:23 | DEBUG   | FRAME 00182  state=DRIVE   speed=3.00  fps=59.5
22:11:23 | DEBUG   | FRAME 00183  state=DRIVE   speed=3.00  fps=59.5
22:11:23 | DEBUG   | FRAME 00184  state=DRIVE   speed=3.00  fps=59.5
22:11:23 | DEBUG   | FRAME 00185  state=DRIVE   speed=3.00  fps=59.5
22:11:23 | DEBUG   | FRAME 00186  state=DRIVE   speed=3.00  fps=59.5
22:11:23 | DEBUG   | FRAME 00187  state=DRIVE   speed=3.00  fps=59.5
22:11:23 | DEBUG   | FRAME 00188  state=DRIVE   speed=3.00  fps=59.5
22:11:23 | DEBUG   | FRAME 00189  state=DRIVE   speed=3.00  fps=59.5
22:11:23 | DEBUG   | FRAME 00190  state=DRIVE   speed=3.00  fps=59.5
22:11:23 | DEBUG   | FRAME 00191  state=DRIVE   speed=3.00  fps=59.5
22:11:23 | DEBUG   | FRAME 00192  state=DRIVE   speed=3.00  fps=59.9
22:11:23 | DEBUG   | FRAME 00193  state=DRIVE   speed=3.00  fps=59.9
22:11:23 | DEBUG   | FRAME 00194  state=DRIVE   speed=3.00  fps=59.9
22:11:23 | DEBUG   | FRAME 00195  state=DRIVE   speed=3.00  fps=59.9
22:11:23 | DEBUG   | FRAME 00196  state=DRIVE   speed=3.00  fps=59.9
22:11:23 | DEBUG   | FRAME 00197  state=DRIVE   speed=3.00  fps=59.9
22:11:23 | DEBUG   | FRAME 00198  state=DRIVE   speed=3.00  fps=59.9
22:11:23 | DEBUG   | FRAME 00199  state=DRIVE   speed=3.00  fps=59.9
22:11:23 | DEBUG   | FRAME 00200  state=DRIVE   speed=3.00  fps=59.9
22:11:23 | DEBUG   | FRAME 00201  state=DRIVE   speed=3.00  fps=59.9
22:11:23 | DEBUG   | FRAME 00202  state=DRIVE   speed=3.00  fps=60.2
22:11:23 | DEBUG   | FRAME 00203  state=DRIVE   speed=3.00  fps=60.2
22:11:23 | DEBUG   | FRAME 00204  state=DRIVE   speed=3.00  fps=60.2
22:11:23 | DEBUG   | FRAME 00205  state=DRIVE   speed=3.00  fps=60.2
22:11:23 | DEBUG   | FRAME 00206  state=DRIVE   speed=3.00  fps=60.2
22:11:23 | DEBUG   | FRAME 00207  state=DRIVE   speed=3.00  fps=60.2
22:11:23 | DEBUG   | FRAME 00208  state=DRIVE   speed=3.00  fps=60.2
22:11:23 | DEBUG   | FRAME 00209  state=DRIVE   speed=3.00  fps=60.2
22:11:23 | DEBUG   | FRAME 00210  state=DRIVE   speed=3.00  fps=60.2
22:11:23 | DEBUG   | FRAME 00211  state=DRIVE   speed=3.00  fps=60.2
22:11:23 | WARNING | OBSTACLE pos=( 382, 305)  dist=  59.1px  threat=WARNING
22:11:23 | INFO    | STATE  DRIVE  → SLOW
22:11:23 | DEBUG   | FRAME 00212  state=SLOW    speed=1.50  fps=60.2
22:11:23 | WARNING | OBSTACLE pos=( 382, 305)  dist=  57.8px  threat=WARNING
22:11:23 | DEBUG   | FRAME 00213  state=SLOW    speed=1.50  fps=60.2
22:11:23 | WARNING | OBSTACLE pos=( 382, 305)  dist=  56.4px  threat=WARNING
22:11:24 | DEBUG   | FRAME 00214  state=SLOW    speed=1.50  fps=60.2
22:11:24 | WARNING | OBSTACLE pos=( 382, 305)  dist=  56.4px  threat=WARNING
22:11:24 | DEBUG   | FRAME 00215  state=SLOW    speed=1.50  fps=60.2
22:11:24 | WARNING | OBSTACLE pos=( 382, 305)  dist=  55.2px  threat=WARNING
22:11:24 | DEBUG   | FRAME 00216  state=SLOW    speed=1.50  fps=60.2
22:11:24 | WARNING | OBSTACLE pos=( 382, 305)  dist=  54.0px  threat=WARNING
22:11:24 | DEBUG   | FRAME 00217  state=SLOW    speed=1.50  fps=60.2
22:11:24 | WARNING | OBSTACLE pos=( 382, 305)  dist=  52.7px  threat=WARNING
22:11:24 | DEBUG   | FRAME 00218  state=SLOW    speed=1.50  fps=60.2
22:11:24 | WARNING | OBSTACLE pos=( 382, 305)  dist=  51.5px  threat=WARNING
22:11:24 | DEBUG   | FRAME 00219  state=SLOW    speed=1.50  fps=60.2
22:11:24 | WARNING | OBSTACLE pos=( 382, 305)  dist=  50.3px  threat=WARNING
22:11:24 | DEBUG   | FRAME 00220  state=SLOW    speed=1.50  fps=60.2
22:11:24 | WARNING | OBSTACLE pos=( 382, 305)  dist=  49.2px  threat=WARNING
22:11:24 | DEBUG   | FRAME 00221  state=SLOW    speed=1.50  fps=60.2
22:11:24 | WARNING | OBSTACLE pos=( 382, 305)  dist=  48.0px  threat=WARNING
22:11:24 | DEBUG   | FRAME 00222  state=SLOW    speed=1.50  fps=62.1
22:11:24 | WARNING | OBSTACLE pos=( 382, 305)  dist=  46.9px  threat=WARNING
22:11:24 | DEBUG   | FRAME 00223  state=SLOW    speed=1.50  fps=62.1
22:11:24 | WARNING | OBSTACLE pos=( 382, 305)  dist=  45.8px  threat=WARNING
22:11:24 | DEBUG   | FRAME 00224  state=SLOW    speed=1.50  fps=62.1
22:11:24 | WARNING | OBSTACLE pos=( 382, 305)  dist=  44.7px  threat=WARNING
22:11:24 | DEBUG   | FRAME 00225  state=SLOW    speed=1.50  fps=62.1
22:11:24 | WARNING | OBSTACLE pos=( 382, 305)  dist=  43.6px  threat=WARNING
22:11:24 | DEBUG   | FRAME 00226  state=SLOW    speed=1.50  fps=62.1
22:11:24 | WARNING | OBSTACLE pos=( 382, 305)  dist=  42.6px  threat=WARNING
22:11:24 | DEBUG   | FRAME 00227  state=SLOW    speed=1.50  fps=62.1
22:11:24 | WARNING | OBSTACLE pos=( 382, 305)  dist=  41.6px  threat=WARNING
22:11:24 | DEBUG   | FRAME 00228  state=SLOW    speed=1.50  fps=62.1
22:11:24 | WARNING | OBSTACLE pos=( 382, 305)  dist=  41.6px  threat=WARNING
22:11:24 | DEBUG   | FRAME 00229  state=SLOW    speed=1.50  fps=62.1
22:11:24 | WARNING | OBSTACLE pos=( 382, 305)  dist=  41.0px  threat=WARNING
22:11:24 | DEBUG   | FRAME 00230  state=SLOW    speed=1.50  fps=62.1
22:11:24 | WARNING | OBSTACLE pos=( 382, 305)  dist=  40.5px  threat=WARNING
22:11:24 | DEBUG   | FRAME 00231  state=SLOW    speed=1.50  fps=62.1
22:11:24 | WARNING | OBSTACLE pos=( 382, 305)  dist=  40.1px  threat=WARNING
22:11:24 | DEBUG   | FRAME 00232  state=SLOW    speed=1.50  fps=59.5
22:11:24 | WARNING | OBSTACLE pos=( 382, 305)  dist=  39.7px  threat=DANGER
22:11:24 | INFO    | STATE  SLOW   → STOP
22:11:24 | DEBUG   | FRAME 00233  state=STOP    speed=0.00  fps=59.5
22:11:24 | WARNING | OBSTACLE pos=( 382, 305)  dist=  39.7px  threat=DANGER
22:11:24 | DEBUG   | FRAME 00234  state=STOP    speed=0.00  fps=59.5
22:11:24 | WARNING | OBSTACLE pos=( 382, 305)  dist=  39.7px  threat=DANGER
22:11:24 | DEBUG   | FRAME 00235  state=STOP    speed=0.00  fps=59.5
22:11:24 | WARNING | OBSTACLE pos=( 382, 305)  dist=  39.7px  threat=DANGER
22:11:24 | DEBUG   | FRAME 00236  state=STOP    speed=0.00  fps=59.5
22:11:24 | WARNING | OBSTACLE pos=( 382, 305)  dist=  39.7px  threat=DANGER
22:11:24 | DEBUG   | FRAME 00237  state=STOP    speed=0.00  fps=59.5
22:11:24 | WARNING | OBSTACLE pos=( 382, 305)  dist=  39.7px  threat=DANGER
22:11:24 | DEBUG   | FRAME 00238  state=STOP    speed=0.00  fps=59.5
22:11:24 | WARNING | OBSTACLE pos=( 382, 305)  dist=  39.7px  threat=DANGER
22:11:24 | DEBUG   | FRAME 00239  state=STOP    speed=0.00  fps=59.5
22:11:24 | WARNING | OBSTACLE pos=( 382, 305)  dist=  39.7px  threat=DANGER
22:11:24 | DEBUG   | FRAME 00240  state=STOP    speed=0.00  fps=59.5
22:11:24 | WARNING | OBSTACLE pos=( 382, 305)  dist=  39.7px  threat=DANGER
22:11:24 | DEBUG   | FRAME 00241  state=STOP    speed=0.00  fps=59.5
22:11:24 | WARNING | OBSTACLE pos=( 382, 305)  dist=  39.7px  threat=DANGER
22:11:24 | DEBUG   | FRAME 00242  state=STOP    speed=0.00  fps=35.1
22:11:24 | WARNING | OBSTACLE pos=( 382, 305)  dist=  39.7px  threat=DANGER
22:11:24 | DEBUG   | FRAME 00243  state=STOP    speed=0.00  fps=35.1
22:11:24 | WARNING | OBSTACLE pos=( 382, 305)  dist=  39.7px  threat=DANGER
22:11:24 | DEBUG   | FRAME 00244  state=STOP    speed=0.00  fps=35.1
22:11:24 | WARNING | OBSTACLE pos=( 382, 305)  dist=  39.7px  threat=DANGER
22:11:24 | DEBUG   | FRAME 00245  state=STOP    speed=0.00  fps=35.1
22:11:24 | WARNING | OBSTACLE pos=( 382, 305)  dist=  39.7px  threat=DANGER
22:11:24 | DEBUG   | FRAME 00246  state=STOP    speed=0.00  fps=35.1
22:11:24 | WARNING | OBSTACLE pos=( 382, 305)  dist=  39.7px  threat=DANGER
22:11:24 | DEBUG   | FRAME 00247  state=STOP    speed=0.00  fps=35.1
22:11:24 | WARNING | OBSTACLE pos=( 382, 305)  dist=  39.7px  threat=DANGER
22:11:24 | DEBUG   | FRAME 00248  state=STOP    speed=0.00  fps=35.1
22:11:24 | WARNING | OBSTACLE pos=( 382, 305)  dist=  39.7px  threat=DANGER
22:11:24 | DEBUG   | FRAME 00249  state=STOP    speed=0.00  fps=35.1
22:11:24 | WARNING | OBSTACLE pos=( 382, 305)  dist=  39.7px  threat=DANGER
22:11:24 | DEBUG   | FRAME 00250  state=STOP    speed=0.00  fps=35.1
22:11:24 | WARNING | OBSTACLE pos=( 382, 305)  dist=  39.7px  threat=DANGER
22:11:24 | DEBUG   | FRAME 00251  state=STOP    speed=0.00  fps=35.1
22:11:24 | WARNING | OBSTACLE pos=( 382, 305)  dist=  39.7px  threat=DANGER
22:11:24 | DEBUG   | FRAME 00252  state=STOP    speed=0.00  fps=58.1
22:11:24 | WARNING | OBSTACLE pos=( 382, 305)  dist=  39.7px  threat=DANGER
22:11:24 | DEBUG   | FRAME 00253  state=STOP    speed=0.00  fps=58.1
22:11:24 | WARNING | OBSTACLE pos=( 382, 305)  dist=  39.7px  threat=DANGER
22:11:24 | DEBUG   | FRAME 00254  state=STOP    speed=0.00  fps=58.1
22:11:24 | WARNING | OBSTACLE pos=( 382, 305)  dist=  39.7px  threat=DANGER
22:11:24 | DEBUG   | FRAME 00255  state=STOP    speed=0.00  fps=58.1
22:11:24 | WARNING | OBSTACLE pos=( 382, 305)  dist=  39.7px  threat=DANGER
22:11:24 | DEBUG   | FRAME 00256  state=STOP    speed=0.00  fps=58.1
22:11:24 | WARNING | OBSTACLE pos=( 382, 305)  dist=  39.7px  threat=DANGER
22:11:24 | DEBUG   | FRAME 00257  state=STOP    speed=0.00  fps=58.1
22:11:24 | WARNING | OBSTACLE pos=( 382, 305)  dist=  39.7px  threat=DANGER
22:11:24 | DEBUG   | FRAME 00258  state=STOP    speed=0.00  fps=58.1
22:11:24 | WARNING | OBSTACLE pos=( 382, 305)  dist=  39.7px  threat=DANGER
22:11:24 | DEBUG   | FRAME 00259  state=STOP    speed=0.00  fps=58.1
22:11:24 | WARNING | OBSTACLE pos=( 382, 305)  dist=  39.7px  threat=DANGER
22:11:24 | DEBUG   | FRAME 00260  state=STOP    speed=0.00  fps=58.1
22:11:24 | WARNING | OBSTACLE pos=( 382, 305)  dist=  39.7px  threat=DANGER
22:11:24 | DEBUG   | FRAME 00261  state=STOP    speed=0.00  fps=58.1
22:11:24 | WARNING | OBSTACLE pos=( 382, 305)  dist=  39.7px  threat=DANGER
22:11:24 | DEBUG   | FRAME 00262  state=STOP    speed=0.00  fps=60.2
22:11:24 | WARNING | OBSTACLE pos=( 382, 305)  dist=  39.7px  threat=DANGER
22:11:24 | INFO    | STATE  STOP   → AVOID
22:11:24 | WARNING | REPLAN  triggered from pos=(409,276)
22:11:24 | DEBUG   | FRAME 00263  state=AVOID   speed=2.10  fps=60.2
22:11:24 | WARNING | OBSTACLE pos=( 382, 305)  dist=  39.2px  threat=DANGER
22:11:24 | INFO    | STATE  AVOID  → DRIVE
22:11:24 | DEBUG   | FRAME 00264  state=DRIVE   speed=3.00  fps=60.2
22:11:24 | WARNING | OBSTACLE pos=( 382, 305)  dist=  38.7px  threat=DANGER
22:11:24 | DEBUG   | FRAME 00265  state=DRIVE   speed=3.00  fps=60.2
22:11:24 | WARNING | OBSTACLE pos=( 382, 305)  dist=  38.5px  threat=DANGER
22:11:24 | DEBUG   | FRAME 00266  state=DRIVE   speed=3.00  fps=60.2
22:11:25 | WARNING | OBSTACLE pos=( 382, 305)  dist=  38.5px  threat=DANGER
22:11:25 | DEBUG   | FRAME 00267  state=DRIVE   speed=3.00  fps=60.2
22:11:25 | WARNING | OBSTACLE pos=( 382, 305)  dist=  38.7px  threat=DANGER
22:11:25 | DEBUG   | FRAME 00268  state=DRIVE   speed=3.00  fps=60.2
22:11:25 | WARNING | OBSTACLE pos=( 382, 305)  dist=  39.2px  threat=DANGER
22:11:25 | DEBUG   | FRAME 00269  state=DRIVE   speed=3.00  fps=60.2
22:11:25 | WARNING | OBSTACLE pos=( 382, 305)  dist=  39.9px  threat=DANGER
22:11:25 | DEBUG   | FRAME 00270  state=DRIVE   speed=3.00  fps=60.2
22:11:25 | WARNING | OBSTACLE pos=( 382, 305)  dist=  39.9px  threat=DANGER
22:11:25 | DEBUG   | FRAME 00271  state=DRIVE   speed=3.00  fps=60.2
22:11:25 | WARNING | OBSTACLE pos=( 382, 305)  dist=  41.3px  threat=WARNING
22:11:25 | INFO    | STATE  DRIVE  → SLOW
22:11:25 | DEBUG   | FRAME 00272  state=SLOW    speed=1.50  fps=56.8
22:11:25 | WARNING | OBSTACLE pos=( 382, 305)  dist=  42.0px  threat=WARNING
22:11:25 | DEBUG   | FRAME 00273  state=SLOW    speed=1.50  fps=56.8
22:11:25 | WARNING | OBSTACLE pos=( 382, 305)  dist=  42.8px  threat=WARNING
22:11:25 | DEBUG   | FRAME 00274  state=SLOW    speed=1.50  fps=56.8
22:11:25 | WARNING | OBSTACLE pos=( 382, 305)  dist=  43.7px  threat=WARNING
22:11:25 | DEBUG   | FRAME 00275  state=SLOW    speed=1.50  fps=56.8
22:11:25 | WARNING | OBSTACLE pos=( 382, 305)  dist=  44.5px  threat=WARNING
22:11:25 | DEBUG   | FRAME 00276  state=SLOW    speed=1.50  fps=56.8
22:11:25 | WARNING | OBSTACLE pos=( 382, 305)  dist=  45.4px  threat=WARNING
22:11:25 | DEBUG   | FRAME 00277  state=SLOW    speed=1.50  fps=56.8
22:11:25 | WARNING | OBSTACLE pos=( 382, 305)  dist=  46.4px  threat=WARNING
22:11:25 | DEBUG   | FRAME 00278  state=SLOW    speed=1.50  fps=56.8
22:11:25 | WARNING | OBSTACLE pos=( 382, 305)  dist=  47.3px  threat=WARNING
22:11:25 | DEBUG   | FRAME 00279  state=SLOW    speed=1.50  fps=56.8
22:11:25 | WARNING | OBSTACLE pos=( 382, 305)  dist=  48.3px  threat=WARNING
22:11:25 | DEBUG   | FRAME 00280  state=SLOW    speed=1.50  fps=56.8
22:11:25 | WARNING | OBSTACLE pos=( 382, 305)  dist=  49.3px  threat=WARNING
22:11:25 | DEBUG   | FRAME 00281  state=SLOW    speed=1.50  fps=56.8
22:11:25 | WARNING | OBSTACLE pos=( 382, 305)  dist=  50.4px  threat=WARNING
22:11:25 | DEBUG   | FRAME 00282  state=SLOW    speed=1.50  fps=61.7
22:11:25 | WARNING | OBSTACLE pos=( 382, 305)  dist=  51.4px  threat=WARNING
22:11:25 | DEBUG   | FRAME 00283  state=SLOW    speed=1.50  fps=61.7
22:11:25 | WARNING | OBSTACLE pos=( 382, 305)  dist=  52.5px  threat=WARNING
22:11:25 | DEBUG   | FRAME 00284  state=SLOW    speed=1.50  fps=61.7
22:11:25 | WARNING | OBSTACLE pos=( 382, 305)  dist=  53.6px  threat=WARNING
22:11:25 | DEBUG   | FRAME 00285  state=SLOW    speed=1.50  fps=61.7
22:11:25 | WARNING | OBSTACLE pos=( 382, 305)  dist=  54.8px  threat=WARNING
22:11:25 | DEBUG   | FRAME 00286  state=SLOW    speed=1.50  fps=61.7
22:11:25 | WARNING | OBSTACLE pos=( 382, 305)  dist=  54.8px  threat=WARNING
22:11:25 | DEBUG   | FRAME 00287  state=SLOW    speed=1.50  fps=61.7
22:11:25 | WARNING | OBSTACLE pos=( 382, 305)  dist=  56.0px  threat=WARNING
22:11:25 | DEBUG   | FRAME 00288  state=SLOW    speed=1.50  fps=61.7
22:11:25 | WARNING | OBSTACLE pos=( 382, 305)  dist=  57.3px  threat=WARNING
22:11:25 | DEBUG   | FRAME 00289  state=SLOW    speed=1.50  fps=61.7
22:11:25 | WARNING | OBSTACLE pos=( 382, 305)  dist=  58.6px  threat=WARNING
22:11:25 | DEBUG   | FRAME 00290  state=SLOW    speed=1.50  fps=61.7
22:11:25 | WARNING | OBSTACLE pos=( 382, 305)  dist=  59.8px  threat=WARNING
22:11:25 | DEBUG   | FRAME 00291  state=SLOW    speed=1.50  fps=61.7
22:11:25 | INFO    | STATE  SLOW   → DRIVE
22:11:25 | DEBUG   | FRAME 00292  state=DRIVE   speed=3.00  fps=59.5
22:11:25 | DEBUG   | FRAME 00293  state=DRIVE   speed=3.00  fps=59.5
22:11:25 | DEBUG   | FRAME 00294  state=DRIVE   speed=3.00  fps=59.5
22:11:25 | DEBUG   | FRAME 00295  state=DRIVE   speed=3.00  fps=59.5
22:11:25 | DEBUG   | FRAME 00296  state=DRIVE   speed=3.00  fps=59.5
22:11:25 | DEBUG   | FRAME 00297  state=DRIVE   speed=3.00  fps=59.5
22:11:25 | DEBUG   | FRAME 00298  state=DRIVE   speed=3.00  fps=59.5
22:11:25 | DEBUG   | FRAME 00299  state=DRIVE   speed=3.00  fps=59.5
22:11:25 | DEBUG   | FRAME 00300  state=DRIVE   speed=3.00  fps=59.5
22:11:25 | DEBUG   | FRAME 00301  state=DRIVE   speed=3.00  fps=59.5
22:11:25 | DEBUG   | FRAME 00302  state=DRIVE   speed=3.00  fps=59.9
22:11:25 | DEBUG   | FRAME 00303  state=DRIVE   speed=3.00  fps=59.9
22:11:25 | DEBUG   | FRAME 00304  state=DRIVE   speed=3.00  fps=59.9
22:11:25 | DEBUG   | FRAME 00305  state=DRIVE   speed=3.00  fps=59.9
22:11:25 | DEBUG   | FRAME 00306  state=DRIVE   speed=3.00  fps=59.9
22:11:25 | DEBUG   | FRAME 00307  state=DRIVE   speed=3.00  fps=59.9
22:11:25 | DEBUG   | FRAME 00308  state=DRIVE   speed=3.00  fps=59.9
22:11:25 | DEBUG   | FRAME 00309  state=DRIVE   speed=3.00  fps=59.9
22:11:25 | DEBUG   | FRAME 00310  state=DRIVE   speed=3.00  fps=59.9
22:11:25 | DEBUG   | FRAME 00311  state=DRIVE   speed=3.00  fps=59.9
22:11:25 | DEBUG   | FRAME 00312  state=DRIVE   speed=3.00  fps=59.9
22:11:25 | DEBUG   | FRAME 00313  state=DRIVE   speed=3.00  fps=59.9
22:11:25 | DEBUG   | FRAME 00314  state=DRIVE   speed=3.00  fps=59.9
22:11:25 | DEBUG   | FRAME 00315  state=DRIVE   speed=3.00  fps=59.9
22:11:25 | DEBUG   | FRAME 00316  state=DRIVE   speed=3.00  fps=59.9
22:11:25 | DEBUG   | FRAME 00317  state=DRIVE   speed=3.00  fps=59.9
22:11:25 | DEBUG   | FRAME 00318  state=DRIVE   speed=3.00  fps=59.9
22:11:25 | DEBUG   | FRAME 00319  state=DRIVE   speed=3.00  fps=59.9
22:11:25 | DEBUG   | FRAME 00320  state=DRIVE   speed=3.00  fps=59.9
22:11:25 | DEBUG   | FRAME 00321  state=DRIVE   speed=3.00  fps=59.9
22:11:25 | DEBUG   | FRAME 00322  state=DRIVE   speed=3.00  fps=61.3
22:11:25 | DEBUG   | FRAME 00323  state=DRIVE   speed=3.00  fps=61.3
22:11:25 | DEBUG   | FRAME 00324  state=DRIVE   speed=3.00  fps=61.3
22:11:25 | DEBUG   | FRAME 00325  state=DRIVE   speed=3.00  fps=61.3
22:11:25 | DEBUG   | FRAME 00326  state=DRIVE   speed=3.00  fps=61.3
22:11:26 | DEBUG   | FRAME 00327  state=DRIVE   speed=3.00  fps=61.3
22:11:26 | DEBUG   | FRAME 00328  state=DRIVE   speed=3.00  fps=61.3
22:11:26 | DEBUG   | FRAME 00329  state=DRIVE   speed=3.00  fps=61.3
22:11:26 | DEBUG   | FRAME 00330  state=DRIVE   speed=3.00  fps=61.3
22:11:26 | DEBUG   | FRAME 00331  state=DRIVE   speed=3.00  fps=61.3
22:11:26 | DEBUG   | FRAME 00332  state=DRIVE   speed=3.00  fps=60.6
22:11:26 | DEBUG   | FRAME 00333  state=DRIVE   speed=3.00  fps=60.6
22:11:26 | DEBUG   | FRAME 00334  state=DRIVE   speed=3.00  fps=60.6
22:11:26 | DEBUG   | FRAME 00335  state=DRIVE   speed=3.00  fps=60.6
22:11:26 | DEBUG   | FRAME 00336  state=DRIVE   speed=3.00  fps=60.6
22:11:26 | DEBUG   | FRAME 00337  state=DRIVE   speed=3.00  fps=60.6
22:11:26 | DEBUG   | FRAME 00338  state=DRIVE   speed=3.00  fps=60.6
22:11:26 | DEBUG   | FRAME 00339  state=DRIVE   speed=3.00  fps=60.6
22:11:26 | DEBUG   | FRAME 00340  state=DRIVE   speed=3.00  fps=60.6
22:11:26 | DEBUG   | FRAME 00341  state=DRIVE   speed=3.00  fps=60.6
22:11:26 | DEBUG   | FRAME 00342  state=DRIVE   speed=3.00  fps=60.2
22:11:26 | DEBUG   | FRAME 00343  state=DRIVE   speed=3.00  fps=60.2
22:11:26 | DEBUG   | FRAME 00344  state=DRIVE   speed=3.00  fps=60.2
22:11:26 | DEBUG   | FRAME 00345  state=DRIVE   speed=3.00  fps=60.2
22:11:26 | DEBUG   | FRAME 00346  state=DRIVE   speed=3.00  fps=60.2
22:11:26 | DEBUG   | FRAME 00347  state=DRIVE   speed=3.00  fps=60.2
22:11:26 | DEBUG   | FRAME 00348  state=DRIVE   speed=3.00  fps=60.2
22:11:26 | DEBUG   | FRAME 00349  state=DRIVE   speed=3.00  fps=60.2
22:11:26 | DEBUG   | FRAME 00350  state=DRIVE   speed=3.00  fps=60.2
22:11:26 | DEBUG   | FRAME 00351  state=DRIVE   speed=3.00  fps=60.2
22:11:26 | DEBUG   | FRAME 00352  state=DRIVE   speed=3.00  fps=60.2
22:11:26 | DEBUG   | FRAME 00353  state=DRIVE   speed=3.00  fps=60.2
22:11:26 | DEBUG   | FRAME 00354  state=DRIVE   speed=3.00  fps=60.2
22:11:26 | DEBUG   | FRAME 00355  state=DRIVE   speed=3.00  fps=60.2
22:11:26 | DEBUG   | FRAME 00356  state=DRIVE   speed=3.00  fps=60.2
22:11:26 | DEBUG   | FRAME 00357  state=DRIVE   speed=3.00  fps=60.2
22:11:26 | DEBUG   | FRAME 00358  state=DRIVE   speed=3.00  fps=60.2
22:11:26 | DEBUG   | FRAME 00359  state=DRIVE   speed=3.00  fps=60.2
22:11:26 | DEBUG   | FRAME 00360  state=DRIVE   speed=3.00  fps=60.2
22:11:26 | DEBUG   | FRAME 00361  state=DRIVE   speed=3.00  fps=60.2
22:11:26 | DEBUG   | FRAME 00362  state=DRIVE   speed=3.00  fps=60.2
22:11:26 | DEBUG   | FRAME 00363  state=DRIVE   speed=3.00  fps=60.2
22:11:26 | DEBUG   | FRAME 00364  state=DRIVE   speed=3.00  fps=60.2
22:11:26 | DEBUG   | FRAME 00365  state=DRIVE   speed=3.00  fps=60.2
22:11:26 | DEBUG   | FRAME 00366  state=DRIVE   speed=3.00  fps=60.2
22:11:26 | DEBUG   | FRAME 00367  state=DRIVE   speed=3.00  fps=60.2
22:11:26 | DEBUG   | FRAME 00368  state=DRIVE   speed=3.00  fps=60.2
22:11:26 | DEBUG   | FRAME 00369  state=DRIVE   speed=3.00  fps=60.2
22:11:26 | DEBUG   | FRAME 00370  state=DRIVE   speed=3.00  fps=60.2
22:11:26 | DEBUG   | FRAME 00371  state=DRIVE   speed=3.00  fps=60.2
22:11:26 | DEBUG   | FRAME 00372  state=DRIVE   speed=3.00  fps=59.9
22:11:26 | DEBUG   | FRAME 00373  state=DRIVE   speed=3.00  fps=59.9
22:11:26 | DEBUG   | FRAME 00374  state=DRIVE   speed=3.00  fps=59.9
22:11:26 | DEBUG   | FRAME 00375  state=DRIVE   speed=3.00  fps=59.9
22:11:26 | DEBUG   | FRAME 00376  state=DRIVE   speed=3.00  fps=59.9
22:11:26 | DEBUG   | FRAME 00377  state=DRIVE   speed=3.00  fps=59.9
22:11:26 | DEBUG   | FRAME 00378  state=DRIVE   speed=3.00  fps=59.9
22:11:26 | DEBUG   | FRAME 00379  state=DRIVE   speed=3.00  fps=59.9
22:11:26 | DEBUG   | FRAME 00380  state=DRIVE   speed=3.00  fps=59.9
22:11:26 | DEBUG   | FRAME 00381  state=DRIVE   speed=3.00  fps=59.9
22:11:26 | DEBUG   | FRAME 00382  state=DRIVE   speed=3.00  fps=61.0
22:11:26 | DEBUG   | FRAME 00383  state=DRIVE   speed=3.00  fps=61.0
22:11:26 | DEBUG   | FRAME 00384  state=DRIVE   speed=3.00  fps=61.0
22:11:26 | DEBUG   | FRAME 00385  state=DRIVE   speed=3.00  fps=61.0
22:11:26 | DEBUG   | FRAME 00386  state=DRIVE   speed=3.00  fps=61.0
22:11:26 | DEBUG   | FRAME 00387  state=DRIVE   speed=3.00  fps=61.0
22:11:27 | DEBUG   | FRAME 00388  state=DRIVE   speed=3.00  fps=61.0
22:11:27 | DEBUG   | FRAME 00389  state=DRIVE   speed=3.00  fps=61.0
22:11:27 | DEBUG   | FRAME 00390  state=DRIVE   speed=3.00  fps=61.0
22:11:27 | DEBUG   | FRAME 00391  state=DRIVE   speed=3.00  fps=61.0
22:11:27 | DEBUG   | FRAME 00392  state=DRIVE   speed=3.00  fps=61.0
22:11:27 | DEBUG   | FRAME 00393  state=DRIVE   speed=3.00  fps=61.0
22:11:27 | DEBUG   | FRAME 00394  state=DRIVE   speed=3.00  fps=61.0
22:11:27 | DEBUG   | FRAME 00395  state=DRIVE   speed=3.00  fps=61.0
22:11:27 | DEBUG   | FRAME 00396  state=DRIVE   speed=3.00  fps=61.0
22:11:27 | DEBUG   | FRAME 00397  state=DRIVE   speed=3.00  fps=61.0
22:11:27 | DEBUG   | FRAME 00398  state=DRIVE   speed=3.00  fps=61.0
22:11:27 | DEBUG   | FRAME 00399  state=DRIVE   speed=3.00  fps=61.0
22:11:27 | DEBUG   | FRAME 00400  state=DRIVE   speed=3.00  fps=61.0
22:11:27 | DEBUG   | FRAME 00401  state=DRIVE   speed=3.00  fps=61.0
22:11:27 | DEBUG   | FRAME 00402  state=DRIVE   speed=3.00  fps=61.3
22:11:27 | DEBUG   | FRAME 00403  state=DRIVE   speed=3.00  fps=61.3
22:11:27 | WARNING | OBSTACLE pos=( 663, 495)  dist=  59.4px  threat=WARNING
22:11:27 | INFO    | STATE  DRIVE  → SLOW
22:11:27 | DEBUG   | FRAME 00404  state=SLOW    speed=1.50  fps=61.3
22:11:27 | WARNING | OBSTACLE pos=( 663, 495)  dist=  58.0px  threat=WARNING
22:11:27 | DEBUG   | FRAME 00405  state=SLOW    speed=1.50  fps=61.3
22:11:27 | WARNING | OBSTACLE pos=( 663, 495)  dist=  56.6px  threat=WARNING
22:11:27 | DEBUG   | FRAME 00406  state=SLOW    speed=1.50  fps=61.3
22:11:27 | WARNING | OBSTACLE pos=( 663, 495)  dist=  55.2px  threat=WARNING
22:11:27 | DEBUG   | FRAME 00407  state=SLOW    speed=1.50  fps=61.3
22:11:27 | WARNING | OBSTACLE pos=( 663, 495)  dist=  53.8px  threat=WARNING
22:11:27 | DEBUG   | FRAME 00408  state=SLOW    speed=1.50  fps=61.3
22:11:27 | WARNING | OBSTACLE pos=( 663, 495)  dist=  52.4px  threat=WARNING
22:11:27 | DEBUG   | FRAME 00409  state=SLOW    speed=1.50  fps=61.3
22:11:27 | WARNING | OBSTACLE pos=( 663, 495)  dist=  51.0px  threat=WARNING
22:11:27 | DEBUG   | FRAME 00410  state=SLOW    speed=1.50  fps=61.3
22:11:27 | WARNING | OBSTACLE pos=( 663, 495)  dist=  49.6px  threat=WARNING
22:11:27 | DEBUG   | FRAME 00411  state=SLOW    speed=1.50  fps=61.3
22:11:27 | WARNING | OBSTACLE pos=( 663, 495)  dist=  48.3px  threat=WARNING
22:11:27 | DEBUG   | FRAME 00412  state=SLOW    speed=1.50  fps=59.9
22:11:27 | WARNING | OBSTACLE pos=( 663, 495)  dist=  46.9px  threat=WARNING
22:11:27 | DEBUG   | FRAME 00413  state=SLOW    speed=1.50  fps=59.9
22:11:27 | WARNING | OBSTACLE pos=( 663, 495)  dist=  46.9px  threat=WARNING
22:11:27 | DEBUG   | FRAME 00414  state=SLOW    speed=1.50  fps=59.9
22:11:27 | WARNING | OBSTACLE pos=( 663, 495)  dist=  45.6px  threat=WARNING
22:11:27 | DEBUG   | FRAME 00415  state=SLOW    speed=1.50  fps=59.9
22:11:27 | WARNING | OBSTACLE pos=( 663, 495)  dist=  44.3px  threat=WARNING
22:11:27 | DEBUG   | FRAME 00416  state=SLOW    speed=1.50  fps=59.9
22:11:27 | WARNING | OBSTACLE pos=( 663, 495)  dist=  43.0px  threat=WARNING
22:11:27 | DEBUG   | FRAME 00417  state=SLOW    speed=1.50  fps=59.9
22:11:27 | WARNING | OBSTACLE pos=( 663, 495)  dist=  41.7px  threat=WARNING
22:11:27 | DEBUG   | FRAME 00418  state=SLOW    speed=1.50  fps=59.9
22:11:27 | WARNING | OBSTACLE pos=( 663, 495)  dist=  40.4px  threat=WARNING
22:11:27 | DEBUG   | FRAME 00419  state=SLOW    speed=1.50  fps=59.9
22:11:27 | WARNING | OBSTACLE pos=( 663, 495)  dist=  39.2px  threat=DANGER
22:11:27 | INFO    | STATE  SLOW   → STOP
22:11:27 | DEBUG   | FRAME 00420  state=STOP    speed=0.00  fps=59.9
22:11:27 | WARNING | OBSTACLE pos=( 663, 495)  dist=  39.2px  threat=DANGER
22:11:27 | DEBUG   | FRAME 00421  state=STOP    speed=0.00  fps=59.9
22:11:27 | WARNING | OBSTACLE pos=( 663, 495)  dist=  39.2px  threat=DANGER
22:11:27 | DEBUG   | FRAME 00422  state=STOP    speed=0.00  fps=58.8
22:11:27 | WARNING | OBSTACLE pos=( 663, 495)  dist=  39.2px  threat=DANGER
22:11:27 | DEBUG   | FRAME 00423  state=STOP    speed=0.00  fps=58.8
22:11:27 | WARNING | OBSTACLE pos=( 663, 495)  dist=  39.2px  threat=DANGER
22:11:27 | DEBUG   | FRAME 00424  state=STOP    speed=0.00  fps=58.8
22:11:27 | WARNING | OBSTACLE pos=( 663, 495)  dist=  39.2px  threat=DANGER
22:11:27 | DEBUG   | FRAME 00425  state=STOP    speed=0.00  fps=58.8
22:11:27 | WARNING | OBSTACLE pos=( 663, 495)  dist=  39.2px  threat=DANGER
22:11:27 | DEBUG   | FRAME 00426  state=STOP    speed=0.00  fps=58.8
22:11:27 | WARNING | OBSTACLE pos=( 663, 495)  dist=  39.2px  threat=DANGER
22:11:27 | DEBUG   | FRAME 00427  state=STOP    speed=0.00  fps=58.8
22:11:27 | WARNING | OBSTACLE pos=( 663, 495)  dist=  39.2px  threat=DANGER
22:11:27 | DEBUG   | FRAME 00428  state=STOP    speed=0.00  fps=58.8
22:11:27 | WARNING | OBSTACLE pos=( 663, 495)  dist=  39.2px  threat=DANGER
22:11:27 | DEBUG   | FRAME 00429  state=STOP    speed=0.00  fps=58.8
22:11:27 | WARNING | OBSTACLE pos=( 663, 495)  dist=  39.2px  threat=DANGER
22:11:27 | DEBUG   | FRAME 00430  state=STOP    speed=0.00  fps=58.8
22:11:27 | WARNING | OBSTACLE pos=( 663, 495)  dist=  39.2px  threat=DANGER
22:11:27 | DEBUG   | FRAME 00431  state=STOP    speed=0.00  fps=58.8
22:11:27 | WARNING | OBSTACLE pos=( 663, 495)  dist=  39.2px  threat=DANGER
22:11:27 | DEBUG   | FRAME 00432  state=STOP    speed=0.00  fps=60.6
22:11:27 | WARNING | OBSTACLE pos=( 663, 495)  dist=  39.2px  threat=DANGER
22:11:27 | DEBUG   | FRAME 00433  state=STOP    speed=0.00  fps=60.6
22:11:27 | WARNING | OBSTACLE pos=( 663, 495)  dist=  39.2px  threat=DANGER
22:11:27 | DEBUG   | FRAME 00434  state=STOP    speed=0.00  fps=60.6
22:11:27 | WARNING | OBSTACLE pos=( 663, 495)  dist=  39.2px  threat=DANGER
22:11:27 | DEBUG   | FRAME 00435  state=STOP    speed=0.00  fps=60.6
22:11:27 | WARNING | OBSTACLE pos=( 663, 495)  dist=  39.2px  threat=DANGER
22:11:27 | DEBUG   | FRAME 00436  state=STOP    speed=0.00  fps=60.6
22:11:27 | WARNING | OBSTACLE pos=( 663, 495)  dist=  39.2px  threat=DANGER
22:11:27 | DEBUG   | FRAME 00437  state=STOP    speed=0.00  fps=60.6
22:11:27 | WARNING | OBSTACLE pos=( 663, 495)  dist=  39.2px  threat=DANGER
22:11:27 | DEBUG   | FRAME 00438  state=STOP    speed=0.00  fps=60.6
22:11:27 | WARNING | OBSTACLE pos=( 663, 495)  dist=  39.2px  threat=DANGER
22:11:27 | DEBUG   | FRAME 00439  state=STOP    speed=0.00  fps=60.6
22:11:27 | WARNING | OBSTACLE pos=( 663, 495)  dist=  39.2px  threat=DANGER
22:11:27 | DEBUG   | FRAME 00440  state=STOP    speed=0.00  fps=60.6
22:11:27 | WARNING | OBSTACLE pos=( 663, 495)  dist=  39.2px  threat=DANGER
22:11:27 | DEBUG   | FRAME 00441  state=STOP    speed=0.00  fps=60.6
22:11:27 | WARNING | OBSTACLE pos=( 663, 495)  dist=  39.2px  threat=DANGER
22:11:27 | DEBUG   | FRAME 00442  state=STOP    speed=0.00  fps=61.3
22:11:27 | WARNING | OBSTACLE pos=( 663, 495)  dist=  39.2px  threat=DANGER
22:11:27 | DEBUG   | FRAME 00443  state=STOP    speed=0.00  fps=61.3
22:11:27 | WARNING | OBSTACLE pos=( 663, 495)  dist=  39.2px  threat=DANGER
22:11:27 | DEBUG   | FRAME 00444  state=STOP    speed=0.00  fps=61.3
22:11:27 | WARNING | OBSTACLE pos=( 663, 495)  dist=  39.2px  threat=DANGER
22:11:27 | DEBUG   | FRAME 00445  state=STOP    speed=0.00  fps=61.3
22:11:27 | WARNING | OBSTACLE pos=( 663, 495)  dist=  39.2px  threat=DANGER
22:11:27 | DEBUG   | FRAME 00446  state=STOP    speed=0.00  fps=61.3
22:11:27 | WARNING | OBSTACLE pos=( 663, 495)  dist=  39.2px  threat=DANGER
22:11:27 | DEBUG   | FRAME 00447  state=STOP    speed=0.00  fps=61.3
22:11:27 | WARNING | OBSTACLE pos=( 663, 495)  dist=  39.2px  threat=DANGER
22:11:28 | DEBUG   | FRAME 00448  state=STOP    speed=0.00  fps=61.3
22:11:28 | WARNING | OBSTACLE pos=( 663, 495)  dist=  39.2px  threat=DANGER
22:11:28 | DEBUG   | FRAME 00449  state=STOP    speed=0.00  fps=61.3
22:11:28 | WARNING | OBSTACLE pos=( 663, 495)  dist=  39.2px  threat=DANGER
22:11:28 | INFO    | STATE  STOP   → AVOID
22:11:28 | WARNING | REPLAN  triggered from pos=(680,460)
22:11:28 | DEBUG   | FRAME 00450  state=AVOID   speed=2.10  fps=61.3
22:11:28 | WARNING | OBSTACLE pos=( 663, 495)  dist=  37.4px  threat=DANGER
22:11:28 | INFO    | STATE  AVOID  → DRIVE
22:11:28 | DEBUG   | FRAME 00451  state=DRIVE   speed=3.00  fps=61.3
22:11:28 | WARNING | OBSTACLE pos=( 663, 495)  dist=  35.1px  threat=DANGER
22:11:28 | DEBUG   | FRAME 00452  state=DRIVE   speed=3.00  fps=53.2
22:11:28 | WARNING | OBSTACLE pos=( 663, 495)  dist=  32.8px  threat=DANGER
22:11:28 | DEBUG   | FRAME 00453  state=DRIVE   speed=3.00  fps=53.2
22:11:28 | WARNING | OBSTACLE pos=( 663, 495)  dist=  30.6px  threat=DANGER
22:11:28 | DEBUG   | FRAME 00454  state=DRIVE   speed=3.00  fps=53.2
22:11:28 | WARNING | OBSTACLE pos=( 663, 495)  dist=  28.6px  threat=DANGER
22:11:28 | DEBUG   | FRAME 00455  state=DRIVE   speed=3.00  fps=53.2
22:11:28 | WARNING | OBSTACLE pos=( 663, 495)  dist=  28.6px  threat=DANGER
22:11:28 | DEBUG   | FRAME 00456  state=DRIVE   speed=3.00  fps=53.2
22:11:28 | WARNING | OBSTACLE pos=( 663, 495)  dist=  27.0px  threat=DANGER
22:11:28 | DEBUG   | FRAME 00457  state=DRIVE   speed=3.00  fps=53.2
22:11:28 | WARNING | OBSTACLE pos=( 663, 495)  dist=  25.7px  threat=DANGER
22:11:28 | DEBUG   | FRAME 00458  state=DRIVE   speed=3.00  fps=53.2
22:11:28 | WARNING | OBSTACLE pos=( 663, 495)  dist=  24.6px  threat=DANGER
22:11:28 | DEBUG   | FRAME 00459  state=DRIVE   speed=3.00  fps=53.2
22:11:28 | WARNING | OBSTACLE pos=( 663, 495)  dist=  23.9px  threat=DANGER
22:11:28 | DEBUG   | FRAME 00460  state=DRIVE   speed=3.00  fps=53.2
22:11:28 | WARNING | OBSTACLE pos=( 663, 495)  dist=  23.5px  threat=DANGER
22:11:28 | DEBUG   | FRAME 00461  state=DRIVE   speed=3.00  fps=53.2
22:11:28 | WARNING | OBSTACLE pos=( 663, 495)  dist=  23.6px  threat=DANGER
22:11:28 | DEBUG   | FRAME 00462  state=DRIVE   speed=3.00  fps=61.0
22:11:28 | WARNING | OBSTACLE pos=( 663, 495)  dist=  23.6px  threat=DANGER
22:11:28 | DEBUG   | FRAME 00463  state=DRIVE   speed=3.00  fps=61.0
22:11:28 | WARNING | OBSTACLE pos=( 663, 495)  dist=  24.9px  threat=DANGER
22:11:28 | DEBUG   | FRAME 00464  state=DRIVE   speed=3.00  fps=61.0
22:11:28 | WARNING | OBSTACLE pos=( 663, 495)  dist=  26.5px  threat=DANGER
22:11:28 | DEBUG   | FRAME 00465  state=DRIVE   speed=3.00  fps=61.0
22:11:28 | WARNING | OBSTACLE pos=( 663, 495)  dist=  28.4px  threat=DANGER
22:11:28 | DEBUG   | FRAME 00466  state=DRIVE   speed=3.00  fps=61.0
22:11:28 | WARNING | OBSTACLE pos=( 663, 495)  dist=  30.4px  threat=DANGER
22:11:28 | DEBUG   | FRAME 00467  state=DRIVE   speed=3.00  fps=61.0
22:11:28 | WARNING | OBSTACLE pos=( 663, 495)  dist=  32.6px  threat=DANGER
22:11:28 | DEBUG   | FRAME 00468  state=DRIVE   speed=3.00  fps=61.0
22:11:28 | WARNING | OBSTACLE pos=( 663, 495)  dist=  34.9px  threat=DANGER
22:11:28 | DEBUG   | FRAME 00469  state=DRIVE   speed=3.00  fps=61.0
22:11:28 | WARNING | OBSTACLE pos=( 663, 495)  dist=  37.3px  threat=DANGER
22:11:28 | DEBUG   | FRAME 00470  state=DRIVE   speed=3.00  fps=61.0
22:11:28 | WARNING | OBSTACLE pos=( 663, 495)  dist=  39.8px  threat=DANGER
22:11:28 | DEBUG   | FRAME 00471  state=DRIVE   speed=3.00  fps=61.0
22:11:28 | WARNING | OBSTACLE pos=( 663, 495)  dist=  39.8px  threat=DANGER
22:11:28 | DEBUG   | FRAME 00472  state=DRIVE   speed=3.00  fps=58.5
22:11:28 | WARNING | OBSTACLE pos=( 663, 495)  dist=  42.6px  threat=WARNING
22:11:28 | INFO    | STATE  DRIVE  → SLOW
22:11:28 | DEBUG   | FRAME 00473  state=SLOW    speed=1.50  fps=58.5
22:11:28 | WARNING | OBSTACLE pos=( 663, 495)  dist=  44.0px  threat=WARNING
22:11:28 | DEBUG   | FRAME 00474  state=SLOW    speed=1.50  fps=58.5
22:11:28 | WARNING | OBSTACLE pos=( 663, 495)  dist=  45.4px  threat=WARNING
22:11:28 | DEBUG   | FRAME 00475  state=SLOW    speed=1.50  fps=58.5
22:11:28 | WARNING | OBSTACLE pos=( 663, 495)  dist=  46.8px  threat=WARNING
22:11:28 | DEBUG   | FRAME 00476  state=SLOW    speed=1.50  fps=58.5
22:11:28 | WARNING | OBSTACLE pos=( 663, 495)  dist=  48.2px  threat=WARNING
22:11:28 | DEBUG   | FRAME 00477  state=SLOW    speed=1.50  fps=58.5
22:11:28 | WARNING | OBSTACLE pos=( 663, 495)  dist=  49.7px  threat=WARNING
22:11:28 | DEBUG   | FRAME 00478  state=SLOW    speed=1.50  fps=58.5
22:11:28 | WARNING | OBSTACLE pos=( 663, 495)  dist=  51.1px  threat=WARNING
22:11:28 | DEBUG   | FRAME 00479  state=SLOW    speed=1.50  fps=58.5
22:11:28 | WARNING | OBSTACLE pos=( 663, 495)  dist=  52.5px  threat=WARNING
22:11:28 | DEBUG   | FRAME 00480  state=SLOW    speed=1.50  fps=58.5
22:11:28 | WARNING | OBSTACLE pos=( 663, 495)  dist=  54.0px  threat=WARNING
22:11:28 | DEBUG   | FRAME 00481  state=SLOW    speed=1.50  fps=58.5
22:11:28 | WARNING | OBSTACLE pos=( 663, 495)  dist=  55.4px  threat=WARNING
22:11:28 | DEBUG   | FRAME 00482  state=SLOW    speed=1.50  fps=61.0
22:11:28 | WARNING | OBSTACLE pos=( 663, 495)  dist=  56.8px  threat=WARNING
22:11:28 | DEBUG   | FRAME 00483  state=SLOW    speed=1.50  fps=61.0
22:11:28 | WARNING | OBSTACLE pos=( 663, 495)  dist=  58.3px  threat=WARNING
22:11:28 | DEBUG   | FRAME 00484  state=SLOW    speed=1.50  fps=61.0
22:11:28 | WARNING | OBSTACLE pos=( 663, 495)  dist=  59.7px  threat=WARNING
22:11:28 | DEBUG   | FRAME 00485  state=SLOW    speed=1.50  fps=61.0
22:11:28 | INFO    | STATE  SLOW   → DRIVE
22:11:28 | DEBUG   | FRAME 00486  state=DRIVE   speed=3.00  fps=61.0
22:11:28 | DEBUG   | FRAME 00487  state=DRIVE   speed=3.00  fps=61.0
22:11:28 | DEBUG   | FRAME 00488  state=DRIVE   speed=3.00  fps=61.0
22:11:28 | DEBUG   | FRAME 00489  state=DRIVE   speed=3.00  fps=61.0
22:11:28 | DEBUG   | FRAME 00490  state=DRIVE   speed=3.00  fps=61.0
22:11:28 | DEBUG   | FRAME 00491  state=DRIVE   speed=3.00  fps=61.0
22:11:28 | DEBUG   | FRAME 00492  state=DRIVE   speed=3.00  fps=60.2
22:11:28 | DEBUG   | FRAME 00493  state=DRIVE   speed=3.00  fps=60.2
22:11:28 | DEBUG   | FRAME 00494  state=DRIVE   speed=3.00  fps=60.2
22:11:28 | DEBUG   | FRAME 00495  state=DRIVE   speed=3.00  fps=60.2
22:11:28 | DEBUG   | FRAME 00496  state=DRIVE   speed=3.00  fps=60.2
22:11:28 | DEBUG   | FRAME 00497  state=DRIVE   speed=3.00  fps=60.2
22:11:28 | DEBUG   | FRAME 00498  state=DRIVE   speed=3.00  fps=60.2
22:11:28 | DEBUG   | FRAME 00499  state=DRIVE   speed=3.00  fps=60.2
22:11:28 | DEBUG   | FRAME 00500  state=DRIVE   speed=3.00  fps=60.2
22:11:28 | DEBUG   | FRAME 00501  state=DRIVE   speed=3.00  fps=60.2
22:11:28 | DEBUG   | FRAME 00502  state=DRIVE   speed=3.00  fps=59.9
22:11:28 | DEBUG   | FRAME 00503  state=DRIVE   speed=3.00  fps=59.9
22:11:28 | DEBUG   | FRAME 00504  state=DRIVE   speed=3.00  fps=59.9
22:11:28 | DEBUG   | FRAME 00505  state=DRIVE   speed=3.00  fps=59.9
22:11:28 | DEBUG   | FRAME 00506  state=DRIVE   speed=3.00  fps=59.9
22:11:29 | DEBUG   | FRAME 00507  state=DRIVE   speed=3.00  fps=59.9
22:11:29 | DEBUG   | FRAME 00508  state=DRIVE   speed=3.00  fps=59.9
22:11:29 | DEBUG   | FRAME 00509  state=DRIVE   speed=3.00  fps=59.9
22:11:29 | DEBUG   | FRAME 00510  state=DRIVE   speed=3.00  fps=59.9
22:11:29 | DEBUG   | FRAME 00511  state=DRIVE   speed=3.00  fps=59.9
22:11:29 | DEBUG   | FRAME 00512  state=DRIVE   speed=3.00  fps=60.6
22:11:29 | DEBUG   | FRAME 00513  state=DRIVE   speed=3.00  fps=60.6
22:11:29 | DEBUG   | FRAME 00514  state=DRIVE   speed=3.00  fps=60.6
22:11:29 | DEBUG   | FRAME 00515  state=DRIVE   speed=3.00  fps=60.6
22:11:29 | DEBUG   | FRAME 00516  state=DRIVE   speed=3.00  fps=60.6
22:11:29 | DEBUG   | FRAME 00517  state=DRIVE   speed=3.00  fps=60.6
22:11:29 | DEBUG   | FRAME 00518  state=DRIVE   speed=3.00  fps=60.6
22:11:29 | DEBUG   | FRAME 00519  state=DRIVE   speed=3.00  fps=60.6
22:11:29 | DEBUG   | FRAME 00520  state=DRIVE   speed=3.00  fps=60.6
22:11:29 | DEBUG   | FRAME 00521  state=DRIVE   speed=3.00  fps=60.6
22:11:29 | DEBUG   | FRAME 00522  state=DRIVE   speed=3.00  fps=59.5
22:11:29 | DEBUG   | FRAME 00523  state=DRIVE   speed=3.00  fps=59.5
22:11:29 | INFO    | STATE  DRIVE  → ARRIVE
22:11:29 | DEBUG   | FRAME 00524  state=ARRIVE  speed=0.00  fps=59.5
22:11:29 | INFO    | ARRIVE  goal reached after 524 frames
22:11:32 | INFO    | === Simulation ended ===
